<?xml version="1.0" encoding="UTF-8"?>
<testsuite xmlns:xsi="http://www.w3.org/2001/XMLSchema-instance" xsi:noNamespaceSchemaLocation="https://maven.apache.org/surefire/maven-surefire-plugin/xsd/surefire-test-report-3.0.xsd" version="3.0" name="pets.ManagementTest" time="7.26" tests="1" errors="0" skipped="0" failures="0">
  <properties>
[...]
</properties>
  <testcase name="testParallel" classname="pets.ManagementTest" time="7.229">
    <system-out><![CDATA[18:45:24.237 [main] DEBUG com.intuit.karate.Suite - [config] classpath:karate-config.js
18:45:24.246 [main] INFO  com.intuit.karate.Suite - backed up existing 'target\karate-reports' dir to: target\karate-reports_1705275924243
18:45:25.591 [pool-2-thread-2] INFO  com.intuit.karate - karate.env system property was: null 
18:45:25.624 [pool-2-thread-3] INFO  com.intuit.karate - karate.env system property was: null 
18:45:25.630 [pool-2-thread-4] INFO  com.intuit.karate - karate.env system property was: null 
18:45:25.640 [pool-2-thread-1] INFO  com.intuit.karate - karate.env system property was: null 
18:45:26.625 [pool-2-thread-3] DEBUG com.intuit.karate - request:
1 > POST https://petstore.swagger.io/v2/pet
1 > Content-Type: application/json; charset=UTF-8
1 > Content-Length: 134
1 > Host: petstore.swagger.io
1 > Connection: Keep-Alive
1 > User-Agent: Apache-HttpClient/4.5.13 (Java/1.8.0_202)
1 > Accept-Encoding: gzip,deflate
{"id":433,"category":{"id":0,"name":"Dog"},"name":"Theo","photoUrls":["string"],"tags":[{"id":13,"name":"Abby"}],"status":"available"}

18:45:26.625 [pool-2-thread-2] DEBUG com.intuit.karate - request:
1 > POST https://petstore.swagger.io/v2/pet
1 > Content-Type: application/json; charset=UTF-8
1 > Content-Length: 136
1 > Host: petstore.swagger.io
1 > Connection: Keep-Alive
1 > User-Agent: Apache-HttpClient/4.5.13 (Java/1.8.0_202)
1 > Accept-Encoding: gzip,deflate
{"id":28,"category":{"id":23,"name":"Dog"},"name":"Draco","photoUrls":["string"],"tags":[{"id":13,"name":"Draco"}],"status":"available"}

18:45:26.625 [pool-2-thread-4] DEBUG com.intuit.karate - request:
1 > POST https://petstore.swagger.io/v2/pet
1 > Content-Type: application/json; charset=UTF-8
1 > Content-Length: 133
1 > Host: petstore.swagger.io
1 > Connection: Keep-Alive
1 > User-Agent: Apache-HttpClient/4.5.13 (Java/1.8.0_202)
1 > Accept-Encoding: gzip,deflate
{"id":888,"category":{"id":2,"name":"Dog"},"name":"ABBY","photoUrls":["string"],"tags":[{"id":5,"name":"THEO"}],"status":"available"}

18:45:26.625 [pool-2-thread-1] DEBUG com.intuit.karate - request:
1 > POST https://petstore.swagger.io/v2/pet
1 > Content-Type: application/json; charset=UTF-8
1 > Content-Length: 135
1 > Host: petstore.swagger.io
1 > Connection: Keep-Alive
1 > User-Agent: Apache-HttpClient/4.5.13 (Java/1.8.0_202)
1 > Accept-Encoding: gzip,deflate
{"id":13,"category":{"id":0,"name":"Dog"},"name":"Draco","photoUrls":["string"],"tags":[{"id":13,"name":"Draco"}],"status":"available"}

18:45:27.379 [pool-2-thread-1] DEBUG com.intuit.karate - response time in milliseconds: 748
1 < 200
1 < Date: Sun, 14 Jan 2024 23:45:26 GMT
1 < Content-Type: application/json
1 < Transfer-Encoding: chunked
1 < Connection: keep-alive
1 < Access-Control-Allow-Origin: *
1 < Access-Control-Allow-Methods: GET, POST, DELETE, PUT
1 < Access-Control-Allow-Headers: Content-Type, api_key, Authorization
1 < Server: Jetty(9.2.9.v20150224)
{"id":13,"category":{"id":0,"name":"Dog"},"name":"Draco","photoUrls":["string"],"tags":[{"id":13,"name":"Draco"}],"status":"available"}

18:45:27.379 [pool-2-thread-3] DEBUG com.intuit.karate - response time in milliseconds: 749
1 < 200
1 < Date: Sun, 14 Jan 2024 23:45:26 GMT
1 < Content-Type: application/json
1 < Transfer-Encoding: chunked
1 < Connection: keep-alive
1 < Access-Control-Allow-Origin: *
1 < Access-Control-Allow-Methods: GET, POST, DELETE, PUT
1 < Access-Control-Allow-Headers: Content-Type, api_key, Authorization
1 < Server: Jetty(9.2.9.v20150224)
{"id":433,"category":{"id":0,"name":"Dog"},"name":"Theo","photoUrls":["string"],"tags":[{"id":13,"name":"Abby"}],"status":"available"}

18:45:27.379 [pool-2-thread-4] DEBUG com.intuit.karate - response time in milliseconds: 749
1 < 200
1 < Date: Sun, 14 Jan 2024 23:45:26 GMT
1 < Content-Type: application/json
1 < Transfer-Encoding: chunked
1 < Connection: keep-alive
1 < Access-Control-Allow-Origin: *
1 < Access-Control-Allow-Methods: GET, POST, DELETE, PUT
1 < Access-Control-Allow-Headers: Content-Type, api_key, Authorization
1 < Server: Jetty(9.2.9.v20150224)
{"id":888,"category":{"id":2,"name":"Dog"},"name":"ABBY","photoUrls":["string"],"tags":[{"id":5,"name":"THEO"}],"status":"available"}

18:45:27.379 [pool-2-thread-2] DEBUG com.intuit.karate - response time in milliseconds: 749
1 < 200
1 < Date: Sun, 14 Jan 2024 23:45:26 GMT
1 < Content-Type: application/json
1 < Transfer-Encoding: chunked
1 < Connection: keep-alive
1 < Access-Control-Allow-Origin: *
1 < Access-Control-Allow-Methods: GET, POST, DELETE, PUT
1 < Access-Control-Allow-Headers: Content-Type, api_key, Authorization
1 < Server: Jetty(9.2.9.v20150224)
{"id":28,"category":{"id":23,"name":"Dog"},"name":"Draco","photoUrls":["string"],"tags":[{"id":13,"name":"Draco"}],"status":"available"}

18:45:27.393 [pool-2-thread-4] DEBUG com.intuit.karate - request:
2 > POST https://petstore.swagger.io/v2/pet
2 > Content-Type: application/json; charset=UTF-8
2 > Content-Length: 40
2 > Host: petstore.swagger.io
2 > Connection: Keep-Alive
2 > User-Agent: Apache-HttpClient/4.5.13 (Java/1.8.0_202)
2 > Accept-Encoding: gzip,deflate
{"id":888,"name":"THEO","status":"sold"}

18:45:27.409 [pool-2-thread-3] DEBUG com.intuit.karate - request:
2 > POST https://petstore.swagger.io/v2/pet
2 > Content-Type: application/json; charset=UTF-8
2 > Content-Length: 40
2 > Host: petstore.swagger.io
2 > Connection: Keep-Alive
2 > User-Agent: Apache-HttpClient/4.5.13 (Java/1.8.0_202)
2 > Accept-Encoding: gzip,deflate
{"id":433,"name":"Abby","status":"sold"}

18:45:27.422 [pool-2-thread-2] DEBUG com.intuit.karate - request:
2 > GET https://petstore.swagger.io/v2/pet/28
2 > Host: petstore.swagger.io
2 > Connection: Keep-Alive
2 > User-Agent: Apache-HttpClient/4.5.13 (Java/1.8.0_202)
2 > Accept-Encoding: gzip,deflate


18:45:27.677 [pool-2-thread-4] DEBUG com.intuit.karate - response time in milliseconds: 283
2 < 200
2 < Date: Sun, 14 Jan 2024 23:45:27 GMT
2 < Content-Type: application/json
2 < Transfer-Encoding: chunked
2 < Connection: keep-alive
2 < Access-Control-Allow-Origin: *
2 < Access-Control-Allow-Methods: GET, POST, DELETE, PUT
2 < Access-Control-Allow-Headers: Content-Type, api_key, Authorization
2 < Server: Jetty(9.2.9.v20150224)
{"id":888,"name":"THEO","photoUrls":[],"tags":[],"status":"sold"}

18:45:27.690 [pool-2-thread-4] DEBUG com.intuit.karate - request:
3 > GET https://petstore.swagger.io/v2/pet/findByStatus?status=sold
3 > Host: petstore.swagger.io
3 > Connection: Keep-Alive
3 > User-Agent: Apache-HttpClient/4.5.13 (Java/1.8.0_202)
3 > Accept-Encoding: gzip,deflate


18:45:27.695 [pool-2-thread-3] DEBUG com.intuit.karate - response time in milliseconds: 284
2 < 200
2 < Date: Sun, 14 Jan 2024 23:45:27 GMT
2 < Content-Type: application/json
2 < Transfer-Encoding: chunked
2 < Connection: keep-alive
2 < Access-Control-Allow-Origin: *
2 < Access-Control-Allow-Methods: GET, POST, DELETE, PUT
2 < Access-Control-Allow-Headers: Content-Type, api_key, Authorization
2 < Server: Jetty(9.2.9.v20150224)
{"id":433,"name":"Abby","photoUrls":[],"tags":[],"status":"sold"}

18:45:27.704 [pool-2-thread-2] DEBUG com.intuit.karate - response time in milliseconds: 282
2 < 200
2 < Date: Sun, 14 Jan 2024 23:45:27 GMT
2 < Content-Type: application/json
2 < Transfer-Encoding: chunked
2 < Connection: keep-alive
2 < Access-Control-Allow-Origin: *
2 < Access-Control-Allow-Methods: GET, POST, DELETE, PUT
2 < Access-Control-Allow-Headers: Content-Type, api_key, Authorization
2 < Server: Jetty(9.2.9.v20150224)
{"id":28,"category":{"id":23,"name":"Dog"},"name":"Draco","photoUrls":["string"],"tags":[{"id":13,"name":"Draco"}],"status":"available"}

18:45:27.981 [pool-2-thread-4] DEBUG com.intuit.karate - response time in milliseconds: 289
3 < 200
3 < Date: Sun, 14 Jan 2024 23:45:27 GMT
3 < Content-Type: application/json
3 < Transfer-Encoding: chunked
3 < Connection: keep-alive
3 < Access-Control-Allow-Origin: *
3 < Access-Control-Allow-Methods: GET, POST, DELETE, PUT
3 < Access-Control-Allow-Headers: Content-Type, api_key, Authorization
3 < Server: Jetty(9.2.9.v20150224)
[{"id":49199499,"category":{"id":20305865,"name":"et cupidatat nisi incididunt"},"name":"doggie","photoUrls":["sunt esse consequat","Ut nostrud anim adipisicing"],"tags":[{"id":33995919,"name":"tempor non nostrud"},{"id":-54707686,"name":"qui pariatur"}],"status":"sold"},{"id":9223372036854574120,"category":{"id":-13727801,"name":"fish"},"name":"nemo","photoUrls":["est irure ad","https://icdn.lenta.ru/images/2017/09/01/17/20170901174458404/detail_c21173bdfcc5e339555293d696128592.jpg"],"tags":[{"id":-3288814,"name":"in officia sit sunt"},{"id":-53146769,"name":"voluptate cillum"}],"status":"sold"},{"id":9223372036854287,"category":{"id":-13727801,"name":"fishs"},"name":"nemar","photoUrls":["est irure ad","https://icdn.lenta.ru/images/2017/09/01/17/20170901174458404/detail_c21173bdfcc5e339555293d696128592.jpg"],"tags":[{"id":-3288814,"name":"in officia sit sunt"},{"id":-53146769,"name":"voluptate cillum"}],"status":"sold"},{"id":36872199,"category":{"id":87131763,"name":"consectetur"},"name":"doggie","photoUrls":["officia","fugiat Duis sint"],"tags":[{"id":-32111804,"name":"sit consectetur"},{"id":-4313164,"name":"consectetur nulla laborum id"}],"status":"sold"},{"id":463,"name":"NombreActualizado","photoUrls":[],"tags":[],"status":"sold"},{"id":9223372036854574206,"category":{"id":-7676925,"name":"elit ut voluptate"},"name":"doggie","photoUrls":["consectetur","in ipsum sit est reprehenderit"],"tags":[{"id":-27582928,"name":"Lorem"},{"id":-5257316,"name":"nostrud reprehenderit enim labore"}],"status":"sold"},{"id":50,"category":{"id":2,"name":"dog_category50"},"name":"dognamesold","photoUrls":["string"],"tags":[{"id":51,"name":"dognamesold"}],"status":"sold"},{"id":888,"name":"THEO","photoUrls":[],"tags":[],"status":"sold"},{"id":433,"name":"Abby","photoUrls":[],"tags":[],"status":"sold"}]

---------------------------------------------------------
feature: classpath:pets/generalTestCase.feature
scenarios:  4 | passed:  4 | failed:  0 | time: 8,2094
---------------------------------------------------------

18:45:29.104 [pool-3-thread-1] INFO  com.intuit.karate.Suite - <<pass>> feature 1 of 1 (0 remaining) classpath:pets/generalTestCase.feature
Karate version: 1.3.1
======================================================
elapsed:   6,06 | threads:    5 | thread time: 8,21 
features:     1 | skipped:    0 | efficiency: 0,27
scenarios:    4 | passed:     4 | failed: 0
======================================================

HTML report: (paste into browser to view) | Karate version: 1.3.1
file:///C:/Users/johag/NTTDATA_TEST/Pet_ApiRest_Karate/target/karate-reports/karate-summary.html
===================================================================

]]></system-out>
    <system-err><![CDATA[Jan 14, 2024 6:45:29 PM net.masterthought.cucumber.ReportParser parseJsonFiles
INFO: File 'C:\Users\johag\NTTDATA_TEST\Pet_ApiRest_Karate\target\karate-reports\pets.generalTestCase.json' contains 1 features
]]></system-err>
  </testcase>
</testsuite>