<?xml version="1.0" encoding="UTF-8"?>
<testsuite xmlns:xsi="http://www.w3.org/2001/XMLSchema-instance" xsi:noNamespaceSchemaLocation="https://maven.apache.org/surefire/maven-surefire-plugin/xsd/surefire-test-report-3.0.xsd" version="3.0" name="pets.ManagementTest" time="6.701" tests="1" errors="0" skipped="0" failures="0">
  <properties>
[...]
</properties>
  <testcase name="testParallel" classname="pets.ManagementTest" time="6.681">
    <system-out><![CDATA[22:33:49.562 [main] DEBUG com.intuit.karate.Suite - [config] classpath:karate-config.js
22:33:49.569 [main] INFO  com.intuit.karate.Suite - backed up existing 'target\karate-reports' dir to: target\karate-reports_1705289629568
22:33:50.928 [pool-2-thread-2] INFO  com.intuit.karate - karate.env system property was: null 
22:33:50.960 [pool-2-thread-1] INFO  com.intuit.karate - karate.env system property was: null 
22:33:50.968 [pool-2-thread-4] INFO  com.intuit.karate - karate.env system property was: null 
22:33:50.976 [pool-2-thread-3] INFO  com.intuit.karate - karate.env system property was: null 
22:33:51.827 [pool-2-thread-4] DEBUG com.intuit.karate - request:
1 > POST https://petstore.swagger.io/v2/pet
1 > Content-Type: application/json; charset=UTF-8
1 > Content-Length: 133
1 > Host: petstore.swagger.io
1 > Connection: Keep-Alive
1 > User-Agent: Apache-HttpClient/4.5.13 (Java/1.8.0_202)
1 > Accept-Encoding: gzip,deflate
{"id":888,"category":{"id":2,"name":"Dog"},"name":"ABBY","photoUrls":["string"],"tags":[{"id":5,"name":"THEO"}],"status":"available"}

22:33:51.827 [pool-2-thread-2] DEBUG com.intuit.karate - request:
1 > POST https://petstore.swagger.io/v2/pet
1 > Content-Type: application/json; charset=UTF-8
1 > Content-Length: 136
1 > Host: petstore.swagger.io
1 > Connection: Keep-Alive
1 > User-Agent: Apache-HttpClient/4.5.13 (Java/1.8.0_202)
1 > Accept-Encoding: gzip,deflate
{"id":28,"category":{"id":23,"name":"Dog"},"name":"Draco","photoUrls":["string"],"tags":[{"id":13,"name":"Draco"}],"status":"available"}

22:33:51.827 [pool-2-thread-3] DEBUG com.intuit.karate - request:
1 > POST https://petstore.swagger.io/v2/pet
1 > Content-Type: application/json; charset=UTF-8
1 > Content-Length: 134
1 > Host: petstore.swagger.io
1 > Connection: Keep-Alive
1 > User-Agent: Apache-HttpClient/4.5.13 (Java/1.8.0_202)
1 > Accept-Encoding: gzip,deflate
{"id":433,"category":{"id":0,"name":"Dog"},"name":"Theo","photoUrls":["string"],"tags":[{"id":13,"name":"Abby"}],"status":"available"}

22:33:51.827 [pool-2-thread-1] DEBUG com.intuit.karate - request:
1 > POST https://petstore.swagger.io/v2/pet
1 > Content-Type: application/json; charset=UTF-8
1 > Content-Length: 135
1 > Host: petstore.swagger.io
1 > Connection: Keep-Alive
1 > User-Agent: Apache-HttpClient/4.5.13 (Java/1.8.0_202)
1 > Accept-Encoding: gzip,deflate
{"id":13,"category":{"id":0,"name":"Dog"},"name":"Draco","photoUrls":["string"],"tags":[{"id":13,"name":"Draco"}],"status":"available"}

22:33:52.740 [pool-2-thread-4] DEBUG com.intuit.karate - response time in milliseconds: 913
1 < 200
1 < Date: Mon, 15 Jan 2024 03:33:52 GMT
1 < Content-Type: application/json
1 < Transfer-Encoding: chunked
1 < Connection: keep-alive
1 < Access-Control-Allow-Origin: *
1 < Access-Control-Allow-Methods: GET, POST, DELETE, PUT
1 < Access-Control-Allow-Headers: Content-Type, api_key, Authorization
1 < Server: Jetty(9.2.9.v20150224)
{"id":888,"category":{"id":2,"name":"Dog"},"name":"ABBY","photoUrls":["string"],"tags":[{"id":5,"name":"THEO"}],"status":"available"}

22:33:52.740 [pool-2-thread-3] DEBUG com.intuit.karate - response time in milliseconds: 913
1 < 200
1 < Date: Mon, 15 Jan 2024 03:33:52 GMT
1 < Content-Type: application/json
1 < Transfer-Encoding: chunked
1 < Connection: keep-alive
1 < Access-Control-Allow-Origin: *
1 < Access-Control-Allow-Methods: GET, POST, DELETE, PUT
1 < Access-Control-Allow-Headers: Content-Type, api_key, Authorization
1 < Server: Jetty(9.2.9.v20150224)
{"id":433,"category":{"id":0,"name":"Dog"},"name":"Theo","photoUrls":["string"],"tags":[{"id":13,"name":"Abby"}],"status":"available"}

22:33:52.745 [pool-2-thread-1] DEBUG com.intuit.karate - response time in milliseconds: 918
1 < 200
1 < Date: Mon, 15 Jan 2024 03:33:52 GMT
1 < Content-Type: application/json
1 < Transfer-Encoding: chunked
1 < Connection: keep-alive
1 < Access-Control-Allow-Origin: *
1 < Access-Control-Allow-Methods: GET, POST, DELETE, PUT
1 < Access-Control-Allow-Headers: Content-Type, api_key, Authorization
1 < Server: Jetty(9.2.9.v20150224)
{"id":13,"category":{"id":0,"name":"Dog"},"name":"Draco","photoUrls":["string"],"tags":[{"id":13,"name":"Draco"}],"status":"available"}

22:33:52.745 [pool-2-thread-2] DEBUG com.intuit.karate - response time in milliseconds: 918
1 < 200
1 < Date: Mon, 15 Jan 2024 03:33:52 GMT
1 < Content-Type: application/json
1 < Transfer-Encoding: chunked
1 < Connection: keep-alive
1 < Access-Control-Allow-Origin: *
1 < Access-Control-Allow-Methods: GET, POST, DELETE, PUT
1 < Access-Control-Allow-Headers: Content-Type, api_key, Authorization
1 < Server: Jetty(9.2.9.v20150224)
{"id":28,"category":{"id":23,"name":"Dog"},"name":"Draco","photoUrls":["string"],"tags":[{"id":13,"name":"Draco"}],"status":"available"}

22:33:52.747 [pool-2-thread-4] DEBUG com.intuit.karate - request:
2 > POST https://petstore.swagger.io/v2/pet
2 > Content-Type: application/json; charset=UTF-8
2 > Content-Length: 40
2 > Host: petstore.swagger.io
2 > Connection: Keep-Alive
2 > User-Agent: Apache-HttpClient/4.5.13 (Java/1.8.0_202)
2 > Accept-Encoding: gzip,deflate
{"id":888,"name":"THEO","status":"SOLD"}

22:33:52.755 [pool-2-thread-3] DEBUG com.intuit.karate - request:
2 > POST https://petstore.swagger.io/v2/pet
2 > Content-Type: application/json; charset=UTF-8
2 > Content-Length: 40
2 > Host: petstore.swagger.io
2 > Connection: Keep-Alive
2 > User-Agent: Apache-HttpClient/4.5.13 (Java/1.8.0_202)
2 > Accept-Encoding: gzip,deflate
{"id":433,"name":"Abby","status":"sold"}

22:33:52.762 [pool-2-thread-2] DEBUG com.intuit.karate - request:
2 > GET https://petstore.swagger.io/v2/pet/28
2 > Host: petstore.swagger.io
2 > Connection: Keep-Alive
2 > User-Agent: Apache-HttpClient/4.5.13 (Java/1.8.0_202)
2 > Accept-Encoding: gzip,deflate


22:33:53.014 [pool-2-thread-4] DEBUG com.intuit.karate - response time in milliseconds: 266
2 < 200
2 < Date: Mon, 15 Jan 2024 03:33:52 GMT
2 < Content-Type: application/json
2 < Transfer-Encoding: chunked
2 < Connection: keep-alive
2 < Access-Control-Allow-Origin: *
2 < Access-Control-Allow-Methods: GET, POST, DELETE, PUT
2 < Access-Control-Allow-Headers: Content-Type, api_key, Authorization
2 < Server: Jetty(9.2.9.v20150224)
{"id":888,"name":"THEO","photoUrls":[],"tags":[],"status":"SOLD"}

22:33:53.022 [pool-2-thread-4] DEBUG com.intuit.karate - request:
3 > GET https://petstore.swagger.io/v2/pet/findByStatus?status=sold
3 > Host: petstore.swagger.io
3 > Connection: Keep-Alive
3 > User-Agent: Apache-HttpClient/4.5.13 (Java/1.8.0_202)
3 > Accept-Encoding: gzip,deflate


22:33:53.023 [pool-2-thread-3] DEBUG com.intuit.karate - response time in milliseconds: 268
2 < 200
2 < Date: Mon, 15 Jan 2024 03:33:52 GMT
2 < Content-Type: application/json
2 < Transfer-Encoding: chunked
2 < Connection: keep-alive
2 < Access-Control-Allow-Origin: *
2 < Access-Control-Allow-Methods: GET, POST, DELETE, PUT
2 < Access-Control-Allow-Headers: Content-Type, api_key, Authorization
2 < Server: Jetty(9.2.9.v20150224)
{"id":433,"name":"Abby","photoUrls":[],"tags":[],"status":"sold"}

22:33:53.044 [pool-2-thread-2] DEBUG com.intuit.karate - response time in milliseconds: 282
2 < 200
2 < Date: Mon, 15 Jan 2024 03:33:52 GMT
2 < Content-Type: application/json
2 < Transfer-Encoding: chunked
2 < Connection: keep-alive
2 < Access-Control-Allow-Origin: *
2 < Access-Control-Allow-Methods: GET, POST, DELETE, PUT
2 < Access-Control-Allow-Headers: Content-Type, api_key, Authorization
2 < Server: Jetty(9.2.9.v20150224)
{"id":28,"category":{"id":23,"name":"Dog"},"name":"Draco","photoUrls":["string"],"tags":[{"id":13,"name":"Draco"}],"status":"available"}

22:33:53.297 [pool-2-thread-4] DEBUG com.intuit.karate - response time in milliseconds: 274
3 < 200
3 < Date: Mon, 15 Jan 2024 03:33:52 GMT
3 < Content-Type: application/json
3 < Transfer-Encoding: chunked
3 < Connection: keep-alive
3 < Access-Control-Allow-Origin: *
3 < Access-Control-Allow-Methods: GET, POST, DELETE, PUT
3 < Access-Control-Allow-Headers: Content-Type, api_key, Authorization
3 < Server: Jetty(9.2.9.v20150224)
[{"id":9223372016900012462,"category":{"id":0,"name":"myItem"},"name":"MyTestDog","photoUrls":["https://gods-and-demons.fandom.com/wiki/Lernaean_Hydra?file=Venture_the_fog_hydra_by_darkcloud013_dbpdkjn-fullview.jpg"],"tags":[{"id":0,"name":"myItem"}],"status":"sold"},{"id":433,"name":"Abby","photoUrls":[],"tags":[],"status":"sold"}]

---------------------------------------------------------
feature: classpath:pets/generalTestCase.feature
scenarios:  4 | passed:  4 | failed:  0 | time: 8,2189
---------------------------------------------------------

22:33:54.201 [pool-3-thread-1] INFO  com.intuit.karate.Suite - <<pass>> feature 1 of 1 (0 remaining) classpath:pets/generalTestCase.feature
Karate version: 1.3.1
======================================================
elapsed:   5,48 | threads:    5 | thread time: 8,22 
features:     1 | skipped:    0 | efficiency: 0,30
scenarios:    4 | passed:     4 | failed: 0
======================================================

HTML report: (paste into browser to view) | Karate version: 1.3.1
file:///C:/Users/johag/NTTDATA_TEST/Pet_ApiRest_Karate/target/karate-reports/karate-summary.html
===================================================================

]]></system-out>
    <system-err><![CDATA[Jan 14, 2024 10:33:54 PM net.masterthought.cucumber.ReportParser parseJsonFiles
INFO: File 'C:\Users\johag\NTTDATA_TEST\Pet_ApiRest_Karate\target\karate-reports\pets.generalTestCase.json' contains 1 features
]]></system-err>
  </testcase>
</testsuite>